09-Jun-23 00:52:09 -  * Debugger is active!
09-Jun-23 00:52:09 -  * Debugger PIN: 384-788-638
09-Jun-23 00:52:10 - Got 544.0 money 
09-Jun-23 00:52:10 - Starting new HTTPS connection (1): api.privatbank.ua:443
09-Jun-23 00:52:10 - https://api.privatbank.ua:443 "GET /p24api/pubinfo?exchange&coursid=5 HTTP/1.1" 200 133
09-Jun-23 00:52:10 - Starting new HTTPS connection (1): api.privatbank.ua:443
09-Jun-23 00:52:10 - https://api.privatbank.ua:443 "GET /p24api/pubinfo?exchange&coursid=5 HTTP/1.1" 200 133
09-Jun-23 00:52:10 - Starting new HTTPS connection (1): api.privatbank.ua:443
09-Jun-23 00:52:11 - https://api.privatbank.ua:443 "GET /p24api/pubinfo?exchange&coursid=5 HTTP/1.1" 200 133
09-Jun-23 00:52:11 - Starting new HTTPS connection (1): api.privatbank.ua:443
09-Jun-23 00:52:11 - https://api.privatbank.ua:443 "GET /p24api/pubinfo?exchange&coursid=5 HTTP/1.1" 200 133
09-Jun-23 00:52:11 - Starting new HTTPS connection (1): rest.coinapi.io:443
09-Jun-23 00:52:11 - https://rest.coinapi.io:443 "GET /v1/exchangerate/ETH/USD HTTP/1.1" 200 None
09-Jun-23 00:52:11 - Starting new HTTPS connection (1): api.privatbank.ua:443
09-Jun-23 00:52:11 - https://api.privatbank.ua:443 "GET /p24api/pubinfo?exchange&coursid=5 HTTP/1.1" 200 133
09-Jun-23 00:52:11 - Starting new HTTPS connection (1): rest.coinapi.io:443
09-Jun-23 00:52:11 - https://rest.coinapi.io:443 "GET /v1/exchangerate/ETH/USD HTTP/1.1" 200 None
09-Jun-23 00:52:11 - Starting new HTTPS connection (1): api.privatbank.ua:443
09-Jun-23 00:52:11 - https://api.privatbank.ua:443 "GET /p24api/pubinfo?exchange&coursid=5 HTTP/1.1" 200 133
09-Jun-23 00:52:11 - Starting new HTTPS connection (1): rest.coinapi.io:443
09-Jun-23 00:52:11 - https://rest.coinapi.io:443 "GET /v1/exchangerate/BTC/USD HTTP/1.1" 200 None
09-Jun-23 00:52:11 - Starting new HTTPS connection (1): api.privatbank.ua:443
09-Jun-23 00:52:12 - https://api.privatbank.ua:443 "GET /p24api/pubinfo?exchange&coursid=5 HTTP/1.1" 200 133
09-Jun-23 00:52:12 - Starting new HTTPS connection (1): rest.coinapi.io:443
09-Jun-23 00:52:12 - https://rest.coinapi.io:443 "GET /v1/exchangerate/BTC/USD HTTP/1.1" 200 None
09-Jun-23 00:52:12 - Starting new HTTPS connection (1): api.privatbank.ua:443
09-Jun-23 00:52:12 - https://api.privatbank.ua:443 "GET /p24api/pubinfo?exchange&coursid=5 HTTP/1.1" 200 133
09-Jun-23 00:52:12 - Got resolts :  [[40.25, 13.5155], [37.22, 14.6158], [74439.5643, 0.0073], [1068880.8279, 0.0005]] , now render index_post.html 
09-Jun-23 00:52:12 - 127.0.0.1 - - [09/Jun/2023 00:52:12] "POST / HTTP/1.1" 200 -
